<?xml version="1.0" encoding="UTF-8"?>
<coverage generated="1743144043079" clover="3.2.0">
  <project timestamp="1743144043079" name="All files">
    <metrics statements="35" coveredstatements="28" conditionals="26" coveredconditionals="15" methods="6" coveredmethods="5" elements="67" coveredelements="48" complexity="0" loc="35" ncloc="35" packages="1" files="1" classes="1"/>
    <file name="Settings.jsx" path="/Users/priteshkiri/myproject/lms/src/pages/Settings.jsx">
      <metrics statements="35" coveredstatements="28" conditionals="26" coveredconditionals="15" methods="6" coveredmethods="5"/>
      <line num="6" count="51" type="stmt"/>
      <line num="8" count="51" type="cond" truecount="1" falsecount="1"/>
      <line num="9" count="51" type="cond" truecount="1" falsecount="1"/>
      <line num="10" count="51" type="stmt"/>
      <line num="11" count="51" type="stmt"/>
      <line num="13" count="51" type="stmt"/>
      <line num="14" count="51" type="stmt"/>
      <line num="16" count="51" type="stmt"/>
      <line num="17" count="3" type="stmt"/>
      <line num="20" count="3" type="stmt"/>
      <line num="24" count="3" type="cond" truecount="3" falsecount="1"/>
      <line num="25" count="0" type="stmt"/>
      <line num="29" count="0" type="stmt"/>
      <line num="35" count="3" type="stmt"/>
      <line num="36" count="3" type="stmt"/>
      <line num="39" count="3" type="stmt"/>
      <line num="42" count="3" type="stmt"/>
      <line num="43" count="3" type="cond" truecount="1" falsecount="1"/>
      <line num="46" count="3" type="cond" truecount="1" falsecount="1"/>
      <line num="47" count="0" type="stmt"/>
      <line num="50" count="0" type="cond" truecount="0" falsecount="2"/>
      <line num="54" count="3" type="cond" truecount="2" falsecount="0"/>
      <line num="55" count="1" type="stmt"/>
      <line num="58" count="1" type="cond" truecount="1" falsecount="1"/>
      <line num="61" count="3" type="stmt"/>
      <line num="67" count="3" type="stmt"/>
      <line num="68" count="3" type="stmt"/>
      <line num="70" count="0" type="stmt"/>
      <line num="71" count="0" type="stmt"/>
      <line num="76" count="3" type="stmt"/>
      <line num="80" count="51" type="stmt"/>
      <line num="106" count="13" type="stmt"/>
      <line num="121" count="0" type="stmt"/>
      <line num="135" count="14" type="stmt"/>
      <line num="149" count="14" type="stmt"/>
    </file>
  </project>
</coverage>
