{"/Users/priteshkiri/myproject/lms/src/pages/Settings.jsx": {"path":"/Users/priteshkiri/myproject/lms/src/pages/Settings.jsx","statementMap":{"0":{"start":{"line":6,"column":34},"end":{"line":6,"column":43}},"1":{"start":{"line":8,"column":26},"end":{"line":8,"column":52}},"2":{"start":{"line":9,"column":28},"end":{"line":9,"column":55}},"3":{"start":{"line":10,"column":34},"end":{"line":10,"column":46}},"4":{"start":{"line":11,"column":48},"end":{"line":11,"column":60}},"5":{"start":{"line":13,"column":32},"end":{"line":13,"column":47}},"6":{"start":{"line":14,"column":32},"end":{"line":14,"column":64}},"7":{"start":{"line":16,"column":23},"end":{"line":78,"column":3}},"8":{"start":{"line":17,"column":4},"end":{"line":17,"column":22}},"9":{"start":{"line":20,"column":4},"end":{"line":20,"column":38}},"10":{"start":{"line":24,"column":4},"end":{"line":30,"column":5}},"11":{"start":{"line":25,"column":6},"end":{"line":28,"column":8}},"12":{"start":{"line":29,"column":6},"end":{"line":29,"column":12}},"13":{"start":{"line":35,"column":4},"end":{"line":77,"column":5}},"14":{"start":{"line":36,"column":6},"end":{"line":36,"column":22}},"15":{"start":{"line":39,"column":22},"end":{"line":39,"column":30}},"16":{"start":{"line":42,"column":38},"end":{"line":42,"column":66}},"17":{"start":{"line":43,"column":6},"end":{"line":43,"column":42}},"18":{"start":{"line":43,"column":24},"end":{"line":43,"column":42}},"19":{"start":{"line":46,"column":6},"end":{"line":51,"column":7}},"20":{"start":{"line":47,"column":38},"end":{"line":49,"column":10}},"21":{"start":{"line":50,"column":8},"end":{"line":50,"column":40}},"22":{"start":{"line":50,"column":24},"end":{"line":50,"column":40}},"23":{"start":{"line":54,"column":6},"end":{"line":59,"column":7}},"24":{"start":{"line":55,"column":41},"end":{"line":57,"column":10}},"25":{"start":{"line":58,"column":8},"end":{"line":58,"column":46}},"26":{"start":{"line":58,"column":27},"end":{"line":58,"column":46}},"27":{"start":{"line":61,"column":6},"end":{"line":64,"column":8}},"28":{"start":{"line":67,"column":6},"end":{"line":67,"column":21}},"29":{"start":{"line":68,"column":6},"end":{"line":68,"column":28}},"30":{"start":{"line":70,"column":6},"end":{"line":70,"column":53}},"31":{"start":{"line":71,"column":6},"end":{"line":74,"column":8}},"32":{"start":{"line":76,"column":6},"end":{"line":76,"column":23}},"33":{"start":{"line":80,"column":2},"end":{"line":175,"column":3}},"34":{"start":{"line":106,"column":31},"end":{"line":106,"column":54}},"35":{"start":{"line":121,"column":31},"end":{"line":121,"column":55}},"36":{"start":{"line":135,"column":31},"end":{"line":135,"column":58}},"37":{"start":{"line":149,"column":31},"end":{"line":149,"column":65}}},"fnMap":{"0":{"name":"Settings","decl":{"start":{"line":5,"column":9},"end":{"line":5,"column":17}},"loc":{"start":{"line":5,"column":20},"end":{"line":176,"column":1}},"line":5},"1":{"name":"(anonymous_1)","decl":{"start":{"line":16,"column":23},"end":{"line":16,"column":24}},"loc":{"start":{"line":16,"column":36},"end":{"line":78,"column":3}},"line":16},"2":{"name":"(anonymous_2)","decl":{"start":{"line":106,"column":24},"end":{"line":106,"column":25}},"loc":{"start":{"line":106,"column":31},"end":{"line":106,"column":54}},"line":106},"3":{"name":"(anonymous_3)","decl":{"start":{"line":121,"column":24},"end":{"line":121,"column":25}},"loc":{"start":{"line":121,"column":31},"end":{"line":121,"column":55}},"line":121},"4":{"name":"(anonymous_4)","decl":{"start":{"line":135,"column":24},"end":{"line":135,"column":25}},"loc":{"start":{"line":135,"column":31},"end":{"line":135,"column":58}},"line":135},"5":{"name":"(anonymous_5)","decl":{"start":{"line":149,"column":24},"end":{"line":149,"column":25}},"loc":{"start":{"line":149,"column":31},"end":{"line":149,"column":65}},"line":149}},"branchMap":{"0":{"loc":{"start":{"line":8,"column":35},"end":{"line":8,"column":51}},"type":"binary-expr","locations":[{"start":{"line":8,"column":35},"end":{"line":8,"column":45}},{"start":{"line":8,"column":49},"end":{"line":8,"column":51}}],"line":8},"1":{"loc":{"start":{"line":9,"column":37},"end":{"line":9,"column":54}},"type":"binary-expr","locations":[{"start":{"line":9,"column":37},"end":{"line":9,"column":48}},{"start":{"line":9,"column":52},"end":{"line":9,"column":54}}],"line":9},"2":{"loc":{"start":{"line":24,"column":4},"end":{"line":30,"column":5}},"type":"if","locations":[{"start":{"line":24,"column":4},"end":{"line":30,"column":5}},{"start":{},"end":{}}],"line":24},"3":{"loc":{"start":{"line":24,"column":8},"end":{"line":24,"column":48}},"type":"binary-expr","locations":[{"start":{"line":24,"column":8},"end":{"line":24,"column":16}},{"start":{"line":24,"column":20},"end":{"line":24,"column":48}}],"line":24},"4":{"loc":{"start":{"line":43,"column":6},"end":{"line":43,"column":42}},"type":"if","locations":[{"start":{"line":43,"column":6},"end":{"line":43,"column":42}},{"start":{},"end":{}}],"line":43},"5":{"loc":{"start":{"line":46,"column":6},"end":{"line":51,"column":7}},"type":"if","locations":[{"start":{"line":46,"column":6},"end":{"line":51,"column":7}},{"start":{},"end":{}}],"line":46},"6":{"loc":{"start":{"line":50,"column":8},"end":{"line":50,"column":40}},"type":"if","locations":[{"start":{"line":50,"column":8},"end":{"line":50,"column":40}},{"start":{},"end":{}}],"line":50},"7":{"loc":{"start":{"line":54,"column":6},"end":{"line":59,"column":7}},"type":"if","locations":[{"start":{"line":54,"column":6},"end":{"line":59,"column":7}},{"start":{},"end":{}}],"line":54},"8":{"loc":{"start":{"line":58,"column":8},"end":{"line":58,"column":46}},"type":"if","locations":[{"start":{"line":58,"column":8},"end":{"line":58,"column":46}},{"start":{},"end":{}}],"line":58},"9":{"loc":{"start":{"line":72,"column":14},"end":{"line":72,"column":57}},"type":"binary-expr","locations":[{"start":{"line":72,"column":14},"end":{"line":72,"column":27}},{"start":{"line":72,"column":31},"end":{"line":72,"column":57}}],"line":72},"10":{"loc":{"start":{"line":87,"column":9},"end":{"line":95,"column":9}},"type":"binary-expr","locations":[{"start":{"line":87,"column":9},"end":{"line":87,"column":21}},{"start":{"line":88,"column":10},"end":{"line":94,"column":16}}],"line":87},"11":{"loc":{"start":{"line":89,"column":12},"end":{"line":91,"column":45}},"type":"cond-expr","locations":[{"start":{"line":90,"column":16},"end":{"line":90,"column":41}},{"start":{"line":91,"column":16},"end":{"line":91,"column":45}}],"line":89},"12":{"loc":{"start":{"line":160,"column":13},"end":{"line":170,"column":13}},"type":"cond-expr","locations":[{"start":{"line":161,"column":14},"end":{"line":167,"column":21}},{"start":{"line":169,"column":14},"end":{"line":169,"column":28}}],"line":160}},"s":{"0":51,"1":51,"2":51,"3":51,"4":51,"5":51,"6":51,"7":51,"8":3,"9":3,"10":3,"11":0,"12":0,"13":3,"14":3,"15":3,"16":3,"17":3,"18":0,"19":3,"20":0,"21":0,"22":0,"23":3,"24":1,"25":1,"26":0,"27":3,"28":3,"29":3,"30":0,"31":0,"32":3,"33":51,"34":13,"35":0,"36":14,"37":14},"f":{"0":51,"1":3,"2":13,"3":0,"4":14,"5":14},"b":{"0":[51,0],"1":[51,0],"2":[0,3],"3":[3,1],"4":[0,3],"5":[0,3],"6":[0,0],"7":[1,2],"8":[0,1],"9":[0,0],"10":[51,3],"11":[0,3],"12":[3,48]},"_coverageSchema":"1a1c01bbd47fc00a2c39e90264f33305004495a9","hash":"883ce34d8067f837981fe22ff2560e3fb9922bb9"}
}
