TN:
SF:src/pages/Settings.jsx
FN:5,Settings
FN:16,(anonymous_1)
FN:106,(anonymous_2)
FN:121,(anonymous_3)
FN:135,(anonymous_4)
FN:149,(anonymous_5)
FNF:6
FNH:5
FNDA:51,Settings
FNDA:3,(anonymous_1)
FNDA:13,(anonymous_2)
FNDA:0,(anonymous_3)
FNDA:14,(anonymous_4)
FNDA:14,(anonymous_5)
DA:6,51
DA:8,51
DA:9,51
DA:10,51
DA:11,51
DA:13,51
DA:14,51
DA:16,51
DA:17,3
DA:20,3
DA:24,3
DA:25,0
DA:29,0
DA:35,3
DA:36,3
DA:39,3
DA:42,3
DA:43,3
DA:46,3
DA:47,0
DA:50,0
DA:54,3
DA:55,1
DA:58,1
DA:61,3
DA:67,3
DA:68,3
DA:70,0
DA:71,0
DA:76,3
DA:80,51
DA:106,13
DA:121,0
DA:135,14
DA:149,14
LF:35
LH:28
BRDA:8,0,0,51
BRDA:8,0,1,0
BRDA:9,1,0,51
BRDA:9,1,1,0
BRDA:24,2,0,0
BRDA:24,2,1,3
BRDA:24,3,0,3
BRDA:24,3,1,1
BRDA:43,4,0,0
BRDA:43,4,1,3
BRDA:46,5,0,0
BRDA:46,5,1,3
BRDA:50,6,0,0
BRDA:50,6,1,0
BRDA:54,7,0,1
BRDA:54,7,1,2
BRDA:58,8,0,0
BRDA:58,8,1,1
BRDA:72,9,0,0
BRDA:72,9,1,0
BRDA:87,10,0,51
BRDA:87,10,1,3
BRDA:89,11,0,0
BRDA:89,11,1,3
BRDA:160,12,0,3
BRDA:160,12,1,48
BRF:26
BRH:15
end_of_record
